Nov-23 15:42:13.877 [main] DEBUG nextflow.cli.Launcher - $> nextflow main.nf
Nov-23 15:42:13.944 [main] INFO  nextflow.cli.CmdRun - N E X T F L O W  ~  version 21.10.3
Nov-23 15:42:13.973 [main] INFO  nextflow.cli.CmdRun - Launching `main.nf` [confident_euclid] - revision: ceae662155
Nov-23 15:42:13.989 [main] DEBUG nextflow.config.ConfigBuilder - Found config local: /home/ubuntu/nf-scripts/basic-blast/nextflow.config
Nov-23 15:42:13.990 [main] DEBUG nextflow.config.ConfigBuilder - Parsing config file: /home/ubuntu/nf-scripts/basic-blast/nextflow.config
Nov-23 15:42:14.012 [main] DEBUG nextflow.config.ConfigBuilder - Applying config profile: `standard`
Nov-23 15:42:14.723 [main] DEBUG nextflow.plugin.PluginsFacade - Setting up plugin manager > mode=prod; plugins-dir=/home/ubuntu/.nextflow/plugins
Nov-23 15:42:14.725 [main] DEBUG nextflow.plugin.PluginsFacade - Plugins default=[]
Nov-23 15:42:14.737 [main] INFO  org.pf4j.DefaultPluginStatusProvider - Enabled plugins: []
Nov-23 15:42:14.738 [main] INFO  org.pf4j.DefaultPluginStatusProvider - Disabled plugins: []
Nov-23 15:42:14.742 [main] INFO  org.pf4j.DefaultPluginManager - PF4J version 3.4.1 in 'deployment' mode
Nov-23 15:42:14.756 [main] INFO  org.pf4j.AbstractPluginManager - No plugins
Nov-23 15:42:14.854 [main] DEBUG nextflow.Session - Session uuid: b99e7a39-4671-45e6-b93a-9f7df38e94ef
Nov-23 15:42:14.854 [main] DEBUG nextflow.Session - Run name: confident_euclid
Nov-23 15:42:14.855 [main] DEBUG nextflow.Session - Executor pool size: 96
Nov-23 15:42:14.894 [main] DEBUG nextflow.cli.CmdRun - 
  Version: 21.10.3 build 5655
  Created: 23-11-2021 07:29 UTC 
  System: Linux 5.4.0-1029-aws
  Runtime: Groovy 3.0.9 on OpenJDK 64-Bit Server VM 11.0.11+9-Ubuntu-0ubuntu2.20.04
  Encoding: UTF-8 (UTF-8)
  Process: 5966@ip-10-43-220-134 [10.43.220.134]
  CPUs: 96 - Mem: 371.2 GB (368.9 GB) - Swap: 0 (0)
Nov-23 15:42:14.927 [main] DEBUG nextflow.Session - Work-dir: /home/ubuntu/nf-scripts/basic-blast/work [ext2/ext3]
Nov-23 15:42:14.927 [main] DEBUG nextflow.Session - Script base path does not exist or is not a directory: /home/ubuntu/nf-scripts/basic-blast/bin
Nov-23 15:42:14.938 [main] DEBUG nextflow.executor.ExecutorFactory - Extension executors providers=[]
Nov-23 15:42:14.953 [main] DEBUG nextflow.Session - Observer factory: DefaultObserverFactory
Nov-23 15:42:14.999 [main] DEBUG nextflow.util.CustomThreadPool - Creating default thread pool > poolSize: 97; maxThreads: 1000
Nov-23 15:42:15.082 [main] DEBUG nextflow.Session - Session start invoked
Nov-23 15:42:15.411 [main] DEBUG nextflow.script.ScriptRunner - > Launching execution
Nov-23 15:42:15.600 [main] DEBUG nextflow.util.CustomThreadPool - Creating default thread pool > poolSize: 97; maxThreads: 1000
Nov-23 15:42:15.636 [Actor Thread 1] DEBUG nextflow.util.CacheHelper - Unable to get file attributes file: /home/ubuntu/nf-scripts/basic-blast/mgram.biotch.fa -- Cause: java.nio.file.NoSuchFileException: /home/ubuntu/nf-scripts/basic-blast/mgram.biotch.fa
Nov-23 15:42:15.650 [Actor Thread 1] DEBUG n.splitter.AbstractTextSplitter - Splitter `Fasta` collector path: nextflow.splitter.TextFileCollector$CachePath(/home/ubuntu/nf-scripts/basic-blast/work/e9/72cfc21a64b68b8a8e262f10136e64/mgram.biotch.fa, null)
Nov-23 15:42:15.694 [Actor Thread 1] ERROR nextflow.extension.DataflowHelper - @unknown
java.nio.file.NoSuchFileException: /home/ubuntu/nf-scripts/basic-blast/mgram.biotch.fa
	at java.base/sun.nio.fs.UnixException.translateToIOException(UnixException.java:92)
	at java.base/sun.nio.fs.UnixException.rethrowAsIOException(UnixException.java:111)
	at java.base/sun.nio.fs.UnixException.rethrowAsIOException(UnixException.java:116)
	at java.base/sun.nio.fs.UnixFileSystemProvider.newByteChannel(UnixFileSystemProvider.java:219)
	at java.base/java.nio.file.Files.newByteChannel(Files.java:371)
	at java.base/java.nio.file.Files.newByteChannel(Files.java:422)
	at java.base/java.nio.file.spi.FileSystemProvider.newInputStream(FileSystemProvider.java:420)
	at java.base/java.nio.file.Files.newInputStream(Files.java:156)
	at nextflow.splitter.AbstractSplitter.newInputStream(AbstractSplitter.groovy:454)
	at nextflow.splitter.AbstractTextSplitter.newReader(AbstractTextSplitter.groovy:145)
	at nextflow.splitter.AbstractTextSplitter.normalizeSource(AbstractTextSplitter.groovy:123)
	at nextflow.splitter.AbstractTextSplitter.normalizeSource(AbstractTextSplitter.groovy)
	at nextflow.splitter.AbstractSplitter.apply(AbstractSplitter.groovy:154)
	at nextflow.extension.SplitOp$_applySplittingOperator_closure1.doCall(SplitOp.groovy:190)
	at java.base/jdk.internal.reflect.NativeMethodAccessorImpl.invoke0(Native Method)
	at java.base/jdk.internal.reflect.NativeMethodAccessorImpl.invoke(NativeMethodAccessorImpl.java:62)
	at java.base/jdk.internal.reflect.DelegatingMethodAccessorImpl.invoke(DelegatingMethodAccessorImpl.java:43)
	at java.base/java.lang.reflect.Method.invoke(Method.java:566)
	at org.codehaus.groovy.reflection.CachedMethod.invoke(CachedMethod.java:107)
	at groovy.lang.MetaMethod.doMethodInvoke(MetaMethod.java:323)
	at org.codehaus.groovy.runtime.metaclass.ClosureMetaClass.invokeMethod(ClosureMetaClass.java:274)
	at groovy.lang.MetaClassImpl.invokeMethod(MetaClassImpl.java:1035)
	at org.codehaus.groovy.runtime.callsite.PogoMetaClassSite.call(PogoMetaClassSite.java:38)
	at org.codehaus.groovy.runtime.callsite.CallSiteArray.defaultCall(CallSiteArray.java:47)
	at org.codehaus.groovy.runtime.callsite.AbstractCallSite.call(AbstractCallSite.java:125)
	at org.codehaus.groovy.runtime.callsite.AbstractCallSite.call(AbstractCallSite.java:139)
	at nextflow.extension.DataflowHelper$_subscribeImpl_closure2.doCall(DataflowHelper.groovy:285)
	at java.base/jdk.internal.reflect.NativeMethodAccessorImpl.invoke0(Native Method)
	at java.base/jdk.internal.reflect.NativeMethodAccessorImpl.invoke(NativeMethodAccessorImpl.java:62)
	at java.base/jdk.internal.reflect.DelegatingMethodAccessorImpl.invoke(DelegatingMethodAccessorImpl.java:43)
	at java.base/java.lang.reflect.Method.invoke(Method.java:566)
	at org.codehaus.groovy.reflection.CachedMethod.invoke(CachedMethod.java:107)
	at groovy.lang.MetaMethod.doMethodInvoke(MetaMethod.java:323)
	at org.codehaus.groovy.runtime.metaclass.ClosureMetaClass.invokeMethod(ClosureMetaClass.java:274)
	at groovy.lang.MetaClassImpl.invokeMethod(MetaClassImpl.java:1035)
	at groovy.lang.Closure.call(Closure.java:412)
	at groovyx.gpars.dataflow.operator.DataflowOperatorActor.startTask(DataflowOperatorActor.java:120)
	at groovyx.gpars.dataflow.operator.DataflowOperatorActor.onMessage(DataflowOperatorActor.java:108)
	at groovyx.gpars.actor.impl.SDAClosure$1.call(SDAClosure.java:43)
	at groovyx.gpars.actor.AbstractLoopingActor.runEnhancedWithoutRepliesOnMessages(AbstractLoopingActor.java:293)
	at groovyx.gpars.actor.AbstractLoopingActor.access$400(AbstractLoopingActor.java:30)
	at groovyx.gpars.actor.AbstractLoopingActor$1.handleMessage(AbstractLoopingActor.java:93)
	at groovyx.gpars.util.AsyncMessagingCore.run(AsyncMessagingCore.java:132)
	at java.base/java.util.concurrent.ThreadPoolExecutor.runWorker(ThreadPoolExecutor.java:1128)
	at java.base/java.util.concurrent.ThreadPoolExecutor$Worker.run(ThreadPoolExecutor.java:628)
	at java.base/java.lang.Thread.run(Thread.java:829)
Nov-23 15:42:15.714 [Actor Thread 1] DEBUG nextflow.Session - Session aborted -- Cause: /home/ubuntu/nf-scripts/basic-blast/mgram.biotch.fa
Nov-23 15:42:15.759 [main] DEBUG nextflow.executor.ExecutorFactory - << taskConfig executor: null
Nov-23 15:42:15.761 [main] DEBUG nextflow.executor.ExecutorFactory - >> processorType: 'local'
Nov-23 15:42:15.761 [Actor Thread 1] DEBUG nextflow.Session - The following nodes are still active:
  [operator] splitFasta

Nov-23 15:42:15.774 [main] DEBUG nextflow.executor.Executor - [warm up] executor > local
Nov-23 15:42:15.782 [main] DEBUG n.processor.LocalPollingMonitor - Creating local task monitor for executor 'local' > cpus=96; memory=371.2 GB; capacity=96; pollInterval=100ms; dumpInterval=5m
Nov-23 15:42:15.876 [main] DEBUG nextflow.executor.ExecutorFactory - << taskConfig executor: null
Nov-23 15:42:15.876 [main] DEBUG nextflow.executor.ExecutorFactory - >> processorType: 'local'
Nov-23 15:42:15.909 [main] DEBUG nextflow.Session - Workflow process names [dsl1]: extract, blast
Nov-23 15:42:15.910 [main] DEBUG nextflow.script.ScriptRunner - > Await termination 
Nov-23 15:42:15.910 [main] DEBUG nextflow.Session - Session await
Nov-23 15:42:15.910 [main] DEBUG nextflow.Session - Session await > all process finished
Nov-23 15:42:15.910 [main] DEBUG nextflow.Session - Session await > all barriers passed
Nov-23 15:42:15.928 [main] DEBUG nextflow.trace.WorkflowStatsObserver - Workflow completed > WorkflowStats[succeededCount=0; failedCount=0; ignoredCount=0; cachedCount=0; pendingCount=0; submittedCount=0; runningCount=0; retriesCount=0; abortedCount=0; succeedDuration=0ms; failedDuration=0ms; cachedDuration=0ms;loadCpus=0; loadMemory=0; peakRunning=0; peakCpus=0; peakMemory=0; ]
Nov-23 15:42:15.929 [main] DEBUG nextflow.file.SortFileCollector - FileCollector temp dir not removed: null
Nov-23 15:42:15.938 [main] DEBUG nextflow.CacheDB - Closing CacheDB done
Nov-23 15:42:15.957 [main] DEBUG nextflow.script.ScriptRunner - > Execution complete -- Goodbye
